-------------------------------------------------------------------------------
Test set: com.dynamic.taskmongo.TaskMongoApplicationTests
-------------------------------------------------------------------------------
Tests run: 1, Failures: 0, Errors: 1, Skipped: 0, Time elapsed: 0.597 s <<< FAILURE! - in com.dynamic.taskmongo.TaskMongoApplicationTests
contextLoads  Time elapsed: 0.005 s  <<< ERROR!
java.lang.IllegalStateException: Failed to load ApplicationContext
Caused by: org.springframework.cloud.commons.ConfigDataMissingEnvironmentPostProcessor$ImportException: No spring.config.import set

